2024-10-11 15:04:58 INFO  [restartedMain] project.demo.DemoApplication - Starting DemoApplication using Java 17.0.8 with PID 7380 (C:\Users\Admin\OneDrive\Desktop\demo\target\classes started by Admin in C:\Users\Admin\OneDrive\Desktop\demo)
2024-10-11 15:04:58 INFO  [restartedMain] project.demo.DemoApplication - No active profile set, falling back to 1 default profile: "default"
2024-10-11 15:04:59 INFO  [restartedMain] o.s.d.r.c.RepositoryConfigurationDelegate - Bootstrapping Spring Data JPA repositories in DEFAULT mode.
2024-10-11 15:04:59 INFO  [restartedMain] o.s.d.r.c.RepositoryConfigurationDelegate - Finished Spring Data repository scanning in 9 ms. Found 1 JPA repository interface.
2024-10-11 15:04:59 INFO  [restartedMain] o.s.b.w.e.tomcat.TomcatWebServer - Tomcat initialized with port 8080 (http)
2024-10-11 15:04:59 INFO  [restartedMain] o.a.catalina.core.StandardService - Starting service [Tomcat]
2024-10-11 15:04:59 INFO  [restartedMain] o.a.catalina.core.StandardEngine - Starting Servlet engine: [Apache Tomcat/10.1.30]
2024-10-11 15:04:59 INFO  [restartedMain] o.a.c.c.C.[Tomcat-1].[localhost].[/] - Initializing Spring embedded WebApplicationContext
2024-10-11 15:04:59 INFO  [restartedMain] o.s.b.w.s.c.ServletWebServerApplicationContext - Root WebApplicationContext: initialization completed in 212 ms
2024-10-11 15:04:59 INFO  [restartedMain] o.h.jpa.internal.util.LogHelper - HHH000204: Processing PersistenceUnitInfo [name: default]
2024-10-11 15:04:59 INFO  [restartedMain] o.h.c.i.RegionFactoryInitiator - HHH000026: Second-level cache disabled
2024-10-11 15:04:59 INFO  [restartedMain] o.s.o.j.p.SpringPersistenceUnitInfo - No LoadTimeWeaver setup: ignoring JPA class transformer
2024-10-11 15:04:59 INFO  [restartedMain] com.zaxxer.hikari.HikariDataSource - HikariPool-6 - Starting...
2024-10-11 15:04:59 INFO  [restartedMain] com.zaxxer.hikari.pool.HikariPool - HikariPool-6 - Added connection com.mysql.cj.jdbc.ConnectionImpl@5c41df53
2024-10-11 15:04:59 INFO  [restartedMain] com.zaxxer.hikari.HikariDataSource - HikariPool-6 - Start completed.
2024-10-11 15:04:59 INFO  [restartedMain] o.h.e.t.j.p.i.JtaPlatformInitiator - HHH000489: No JTA platform available (set 'hibernate.transaction.jta.platform' to enable JTA platform integration)
2024-10-11 15:04:59 INFO  [restartedMain] o.s.o.j.LocalContainerEntityManagerFactoryBean - Initialized JPA EntityManagerFactory for persistence unit 'default'
2024-10-11 15:04:59 WARN  [restartedMain] o.s.b.a.o.j.JpaBaseConfiguration$JpaWebConfiguration - spring.jpa.open-in-view is enabled by default. Therefore, database queries may be performed during view rendering. Explicitly configure spring.jpa.open-in-view to disable this warning
2024-10-11 15:04:59 INFO  [restartedMain] o.s.b.a.w.s.WelcomePageHandlerMapping - Adding welcome page template: index
2024-10-11 15:04:59 INFO  [restartedMain] o.s.b.d.a.OptionalLiveReloadServer - LiveReload server is running on port 35729
2024-10-11 15:04:59 INFO  [restartedMain] o.s.b.w.e.tomcat.TomcatWebServer - Tomcat started on port 8080 (http) with context path '/'
2024-10-11 15:04:59 INFO  [restartedMain] project.demo.DemoApplication - Started DemoApplication in 0.472 seconds (process running for 4376.286)
2024-10-11 15:04:59 INFO  [restartedMain] o.s.b.d.a.ConditionEvaluationDeltaLoggingListener - Condition evaluation unchanged
2024-10-11 15:07:37 INFO  [File Watcher] o.s.b.d.a.LocalDevToolsAutoConfiguration$RestartingClassPathChangeChangedEventListener - Restarting due to 6 class path changes (0 additions, 5 deletions, 1 modification)
2024-10-11 15:07:37 INFO  [Thread-26] o.s.o.j.LocalContainerEntityManagerFactoryBean - Closing JPA EntityManagerFactory for persistence unit 'default'
2024-10-11 15:07:37 INFO  [Thread-26] com.zaxxer.hikari.HikariDataSource - HikariPool-6 - Shutdown initiated...
2024-10-11 15:07:37 INFO  [Thread-26] com.zaxxer.hikari.HikariDataSource - HikariPool-6 - Shutdown completed.
2024-10-11 15:07:37 INFO  [restartedMain] project.demo.DemoApplication - Starting DemoApplication using Java 17.0.8 with PID 7380 (C:\Users\Admin\OneDrive\Desktop\demo\target\classes started by Admin in C:\Users\Admin\OneDrive\Desktop\demo)
2024-10-11 15:07:37 INFO  [restartedMain] project.demo.DemoApplication - No active profile set, falling back to 1 default profile: "default"
2024-10-11 15:07:37 INFO  [restartedMain] o.s.d.r.c.RepositoryConfigurationDelegate - Bootstrapping Spring Data JPA repositories in DEFAULT mode.
2024-10-11 15:07:37 INFO  [restartedMain] o.s.d.r.c.RepositoryConfigurationDelegate - Finished Spring Data repository scanning in 0 ms. Found 0 JPA repository interfaces.
2024-10-11 15:07:37 INFO  [restartedMain] o.s.b.w.e.tomcat.TomcatWebServer - Tomcat initialized with port 8080 (http)
2024-10-11 15:07:37 INFO  [restartedMain] o.a.catalina.core.StandardService - Starting service [Tomcat]
2024-10-11 15:07:37 INFO  [restartedMain] o.a.catalina.core.StandardEngine - Starting Servlet engine: [Apache Tomcat/10.1.30]
2024-10-11 15:07:37 INFO  [restartedMain] o.a.c.c.C.[Tomcat-1].[localhost].[/] - Initializing Spring embedded WebApplicationContext
2024-10-11 15:07:37 INFO  [restartedMain] o.s.b.w.s.c.ServletWebServerApplicationContext - Root WebApplicationContext: initialization completed in 205 ms
2024-10-11 15:07:37 INFO  [restartedMain] o.h.jpa.internal.util.LogHelper - HHH000204: Processing PersistenceUnitInfo [name: default]
2024-10-11 15:07:37 INFO  [restartedMain] o.h.c.i.RegionFactoryInitiator - HHH000026: Second-level cache disabled
2024-10-11 15:07:37 INFO  [restartedMain] o.s.o.j.p.SpringPersistenceUnitInfo - No LoadTimeWeaver setup: ignoring JPA class transformer
2024-10-11 15:07:37 INFO  [restartedMain] com.zaxxer.hikari.HikariDataSource - HikariPool-7 - Starting...
2024-10-11 15:07:37 INFO  [restartedMain] com.zaxxer.hikari.pool.HikariPool - HikariPool-7 - Added connection com.mysql.cj.jdbc.ConnectionImpl@1aa864e6
2024-10-11 15:07:37 INFO  [restartedMain] com.zaxxer.hikari.HikariDataSource - HikariPool-7 - Start completed.
2024-10-11 15:07:37 INFO  [restartedMain] o.h.e.t.j.p.i.JtaPlatformInitiator - HHH000489: No JTA platform available (set 'hibernate.transaction.jta.platform' to enable JTA platform integration)
2024-10-11 15:07:37 INFO  [restartedMain] o.s.o.j.LocalContainerEntityManagerFactoryBean - Initialized JPA EntityManagerFactory for persistence unit 'default'
2024-10-11 15:07:37 WARN  [restartedMain] o.s.b.a.o.j.JpaBaseConfiguration$JpaWebConfiguration - spring.jpa.open-in-view is enabled by default. Therefore, database queries may be performed during view rendering. Explicitly configure spring.jpa.open-in-view to disable this warning
2024-10-11 15:07:37 INFO  [restartedMain] o.s.b.a.w.s.WelcomePageHandlerMapping - Adding welcome page template: index
2024-10-11 15:07:37 INFO  [restartedMain] o.s.b.d.a.OptionalLiveReloadServer - LiveReload server is running on port 35729
2024-10-11 15:07:37 INFO  [restartedMain] o.s.b.w.e.tomcat.TomcatWebServer - Tomcat started on port 8080 (http) with context path '/'
2024-10-11 15:07:37 INFO  [restartedMain] project.demo.DemoApplication - Started DemoApplication in 0.383 seconds (process running for 4534.438)
2024-10-11 15:07:37 INFO  [restartedMain] o.s.b.d.a.ConditionEvaluationDeltaLoggingListener - Condition evaluation unchanged
2024-10-11 15:13:17 INFO  [File Watcher] o.s.b.d.a.LocalDevToolsAutoConfiguration$RestartingClassPathChangeChangedEventListener - Restarting due to 9 class path changes (5 additions, 4 deletions, 0 modifications)
2024-10-11 15:13:17 INFO  [Thread-30] o.s.o.j.LocalContainerEntityManagerFactoryBean - Closing JPA EntityManagerFactory for persistence unit 'default'
2024-10-11 15:13:17 INFO  [Thread-30] com.zaxxer.hikari.HikariDataSource - HikariPool-7 - Shutdown initiated...
2024-10-11 15:13:17 INFO  [Thread-30] com.zaxxer.hikari.HikariDataSource - HikariPool-7 - Shutdown completed.
2024-10-11 15:23:12 INFO  [restartedMain] project.demo.DemoApplication - Starting DemoApplication using Java 17.0.8 with PID 7380 (C:\Users\Admin\OneDrive\Desktop\demo\target\classes started by Admin in C:\Users\Admin\OneDrive\Desktop\demo)
2024-10-11 15:23:12 INFO  [restartedMain] project.demo.DemoApplication - No active profile set, falling back to 1 default profile: "default"
2024-10-11 15:23:12 INFO  [restartedMain] o.s.d.r.c.RepositoryConfigurationDelegate - Bootstrapping Spring Data JPA repositories in DEFAULT mode.
2024-10-11 15:23:12 INFO  [restartedMain] o.s.d.r.c.RepositoryConfigurationDelegate - Finished Spring Data repository scanning in 9 ms. Found 1 JPA repository interface.
2024-10-11 15:23:12 INFO  [restartedMain] o.s.b.w.e.tomcat.TomcatWebServer - Tomcat initialized with port 8080 (http)
2024-10-11 15:23:12 INFO  [restartedMain] o.a.catalina.core.StandardService - Starting service [Tomcat]
2024-10-11 15:23:12 INFO  [restartedMain] o.a.catalina.core.StandardEngine - Starting Servlet engine: [Apache Tomcat/10.1.30]
2024-10-11 15:23:12 INFO  [restartedMain] o.a.c.c.C.[Tomcat-3].[localhost].[/] - Initializing Spring embedded WebApplicationContext
2024-10-11 15:23:12 INFO  [restartedMain] o.s.b.w.s.c.ServletWebServerApplicationContext - Root WebApplicationContext: initialization completed in 261 ms
2024-10-11 15:23:12 INFO  [restartedMain] o.h.jpa.internal.util.LogHelper - HHH000204: Processing PersistenceUnitInfo [name: default]
2024-10-11 15:23:12 INFO  [restartedMain] o.h.c.i.RegionFactoryInitiator - HHH000026: Second-level cache disabled
2024-10-11 15:23:12 INFO  [restartedMain] o.s.o.j.p.SpringPersistenceUnitInfo - No LoadTimeWeaver setup: ignoring JPA class transformer
2024-10-11 15:23:12 INFO  [restartedMain] com.zaxxer.hikari.HikariDataSource - HikariPool-8 - Starting...
2024-10-11 15:23:12 INFO  [restartedMain] com.zaxxer.hikari.pool.HikariPool - HikariPool-8 - Added connection com.mysql.cj.jdbc.ConnectionImpl@722b0ff0
2024-10-11 15:23:12 INFO  [restartedMain] com.zaxxer.hikari.HikariDataSource - HikariPool-8 - Start completed.
2024-10-11 15:23:12 INFO  [restartedMain] o.h.e.t.j.p.i.JtaPlatformInitiator - HHH000489: No JTA platform available (set 'hibernate.transaction.jta.platform' to enable JTA platform integration)
2024-10-11 15:23:12 INFO  [restartedMain] o.s.o.j.LocalContainerEntityManagerFactoryBean - Initialized JPA EntityManagerFactory for persistence unit 'default'
2024-10-11 15:23:12 WARN  [restartedMain] o.s.b.a.o.j.JpaBaseConfiguration$JpaWebConfiguration - spring.jpa.open-in-view is enabled by default. Therefore, database queries may be performed during view rendering. Explicitly configure spring.jpa.open-in-view to disable this warning
2024-10-11 15:23:12 INFO  [restartedMain] o.s.b.a.w.s.WelcomePageHandlerMapping - Adding welcome page template: index
2024-10-11 15:23:12 INFO  [restartedMain] o.s.b.d.a.OptionalLiveReloadServer - LiveReload server is running on port 35729
2024-10-11 15:23:12 INFO  [restartedMain] o.s.b.w.e.tomcat.TomcatWebServer - Tomcat started on port 8080 (http) with context path '/'
2024-10-11 15:23:12 INFO  [restartedMain] project.demo.DemoApplication - Started DemoApplication in 0.505 seconds (process running for 5469.676)
2024-10-11 15:23:12 INFO  [restartedMain] o.s.b.d.a.ConditionEvaluationDeltaLoggingListener - Condition evaluation unchanged
2024-10-11 15:48:33 WARN  [HikariPool-8 housekeeper] com.zaxxer.hikari.pool.HikariPool - HikariPool-8 - Thread starvation or clock leap detected (housekeeper delta=24m20s895ms645µs900ns).
